0 info it worked if it ends with ok
1 verbose cli [ '/usr/bin/nodejs', '/usr/bin/npm', 'run', 'lite' ]
2 info using npm@2.14.12
3 info using node@v4.2.4
4 verbose run-script [ 'prelite', 'lite', 'postlite' ]
5 info prelite angular2-quickstart@1.0.0
6 info lite angular2-quickstart@1.0.0
7 verbose unsafe-perm in lifecycle true
8 info angular2-quickstart@1.0.0 Failed to exec lite script
9 verbose stack Error: angular2-quickstart@1.0.0 lite: `lite-server`
9 verbose stack Exit status 134
9 verbose stack     at EventEmitter.<anonymous> (/usr/lib/node_modules/npm/lib/utils/lifecycle.js:214:16)
9 verbose stack     at emitTwo (events.js:87:13)
9 verbose stack     at EventEmitter.emit (events.js:172:7)
9 verbose stack     at ChildProcess.<anonymous> (/usr/lib/node_modules/npm/lib/utils/spawn.js:24:14)
9 verbose stack     at emitTwo (events.js:87:13)
9 verbose stack     at ChildProcess.emit (events.js:172:7)
9 verbose stack     at maybeClose (internal/child_process.js:818:16)
9 verbose stack     at Process.ChildProcess._handle.onexit (internal/child_process.js:211:5)
10 verbose pkgid angular2-quickstart@1.0.0
11 verbose cwd /var/www/html/angular2/apps/mosh/real-world-app
12 error Linux 4.2.0-16-generic
13 error argv "/usr/bin/nodejs" "/usr/bin/npm" "run" "lite"
14 error node v4.2.4
15 error npm  v2.14.12
16 error code ELIFECYCLE
17 error angular2-quickstart@1.0.0 lite: `lite-server`
17 error Exit status 134
18 error Failed at the angular2-quickstart@1.0.0 lite script 'lite-server'.
18 error This is most likely a problem with the angular2-quickstart package,
18 error not with npm itself.
18 error Tell the author that this fails on your system:
18 error     lite-server
18 error You can get their info via:
18 error     npm owner ls angular2-quickstart
18 error There is likely additional logging output above.
19 verbose exit [ 1, true ]
